FUNCTION  <SNR>16_Highlight_Matching_Pair()
    Defined: /nix/store/99mraj58037wa3wwhv47iqafy922zqhi-neovim-unwrapped-0.11.2/share/nvim/runtime/plugin/matchparen.vim:45
Called 57 times
Total time:   0.007728
 Self time:   0.007118

count  total (s)   self (s)
   57              0.000230   if !exists("w:matchparen_ids")
                                let w:matchparen_ids = []
   57              0.000032   endif
                              " Remove any previous match.
   57   0.000854   0.000244   call s:Remove_Matches()
                            
                              " Avoid that we remove the popup menu.
                              " Return when there are no colors (looks like the cursor jumps).
   57              0.000153   if pumvisible() || (&t_Co < 8 && !has("gui_running"))
                                return
   57              0.000018   endif
                            
                              " Get the character under the cursor and check if it's in 'matchpairs'.
   57              0.000106   let c_lnum = line('.')
   57              0.000078   let c_col = col('.')
   57              0.000043   let before = 0
                            
   57              0.000088   let text = getline(c_lnum)
   57              0.000183   let c_before = text->strpart(0, c_col - 1)->slice(-1)
   57              0.000116   let c = text->strpart(c_col - 1)->slice(0, 1)
   57              0.000527   let plist = split(&matchpairs, '.\zs[:,]')
   57              0.000101   let i = index(plist, c)
   57              0.000040   if i < 0
                                " not found, in Insert mode try character before the cursor
   41              0.000067     if c_col > 1 && (mode() == 'i' || mode() == 'R')
                                  let before = strlen(c_before)
                                  let c = c_before
                                  let i = index(plist, c)
   41              0.000015     endif
   41              0.000024     if i < 0
                                  " not found, nothing to do
   41              0.000025       return
                                endif
   16              0.000005   endif
                            
                              " Figure out the arguments for searchpairpos().
   16              0.000012   if i % 2 == 0
    2              0.000002     let s_flags = 'nW'
    2              0.000004     let c2 = plist[i + 1]
   14              0.000006   else
   14              0.000011     let s_flags = 'nbW'
   14              0.000017     let c2 = c
   14              0.000022     let c = plist[i - 1]
   16              0.000006   endif
   16              0.000020   if c == '['
                                let c = '\['
                                let c2 = '\]'
   16              0.000005   endif
                            
                              " Find the match.  When it was just before the cursor move it there for a
                              " moment.
   16              0.000010   if before > 0
                                let save_cursor = getcurpos()
                                call cursor(c_lnum, c_col - before)
                                defer setpos('.', save_cursor)
   16              0.000005   endif
                            
   16              0.000055   if !has("syntax") || !exists("g:syntax_on")
                                let s_skip = "0"
   16              0.000035   elseif exists("b:ts_highlight") && &syntax != 'on'
   16              0.000039     let s_skip = "match(v:lua.vim.treesitter.get_captures_at_cursor(), '" .. 'string\|character\|singlequote\|escape\|symbol\|comment' .. "') != -1"
                              else
                                " do not attempt to match when the syntax item where the cursor is
                                " indicates there does not exist a matching parenthesis, e.g. for shells
                                " case statement: "case $var in foobar)"
                                "
                                " add the check behind a filetype check, so it only needs to be
                                " evaluated for certain filetypes
                                if ['sh']->index(&filetype) >= 0 && synstack(".", col("."))->indexof({_, id -> synIDattr(id, "name") =~? "shSnglCase"}) >= 0
                                  return
                                endif
                                " Build an expression that detects whether the current cursor position is
                                " in certain syntax types (string, comment, etc.), for use as
                                " searchpairpos()'s skip argument.
                                " We match "escape" for special items, such as lispEscapeSpecial, and
                                " match "symbol" for lispBarSymbol.
                                let s_skip = 'synstack(".", col("."))' . '->indexof({_, id -> synIDattr(id, "name") =~? ' . '"string\\|character\\|singlequote\\|escape\\|symbol\\|comment"}) >= 0'
                                " If executing the expression determines that the cursor is currently in
                                " one of the syntax types, then we want searchpairpos() to find the pair
                                " within those syntax types (i.e., not skip).  Otherwise, the cursor is
                                " outside of the syntax types and s_skip should keep its value so we skip
                                " any matching pair inside the syntax types.
                                " Catch if this throws E363: pattern uses more memory than 'maxmempattern'.
                                try
                                  execute 'if ' . s_skip . ' | let s_skip = "0" | endif'
                                catch /^Vim\%((\a\+)\)\=:E363/
                                  " We won't find anything, so skip searching, should keep Vim responsive.
                                  return
                                endtry
   16              0.000005   endif
                            
                              " Limit the search to lines visible in the window.
   16              0.000025   let stoplinebottom = line('w$')
   16              0.000021   let stoplinetop = line('w0')
   16              0.000012   if i % 2 == 0
    2              0.000002     let stopline = stoplinebottom
   14              0.000005   else
   14              0.000014     let stopline = stoplinetop
   16              0.000005   endif
                            
                              " Limit the search time to 300 msec to avoid a hang on very long lines.
                              " This fails when a timeout is not supported.
   16              0.000024   if mode() == 'i' || mode() == 'R'
                                let timeout = exists("b:matchparen_insert_timeout") ? b:matchparen_insert_timeout : g:matchparen_insert_timeout
   16              0.000005   else
   16              0.000049     let timeout = exists("b:matchparen_timeout") ? b:matchparen_timeout : g:matchparen_timeout
   16              0.000006   endif
   16              0.000007   try
   16              0.003031     let [m_lnum, m_col] = searchpairpos(c, '', c2, s_flags, s_skip, stopline, timeout)
                              catch /E118/
                                " Can't use the timeout, restrict the stopline a bit more to avoid taking
                                " a long time on closed folds and long lines.
                                " The "viewable" variables give a range in which we can scroll while
                                " keeping the cursor at the same position.
                                " adjustedScrolloff accounts for very large numbers of scrolloff.
                                let adjustedScrolloff = min([&scrolloff, (line('w$') - line('w0')) / 2])
                                let bottom_viewable = min([line('$'), c_lnum + &lines - adjustedScrolloff - 2])
                                let top_viewable = max([1, c_lnum-&lines+adjustedScrolloff + 2])
                                " one of these stoplines will be adjusted below, but the current values are
                                " minimal boundaries within the current window
                                if i % 2 == 0
                                  if has("byte_offset") && has("syntax_items") && &smc > 0
                            	let stopbyte = min([line2byte("$"), line2byte(".") + col(".") + &smc * 2])
                            	let stopline = min([bottom_viewable, byte2line(stopbyte)])
                                  else
                            	let stopline = min([bottom_viewable, c_lnum + 100])
                                  endif
                                  let stoplinebottom = stopline
                                else
                                  if has("byte_offset") && has("syntax_items") && &smc > 0
                            	let stopbyte = max([1, line2byte(".") + col(".") - &smc * 2])
                            	let stopline = max([top_viewable, byte2line(stopbyte)])
                                  else
                            	let stopline = max([top_viewable, c_lnum - 100])
                                  endif
                                  let stoplinetop = stopline
                                endif
                                let [m_lnum, m_col] = searchpairpos(c, '', c2, s_flags, s_skip, stopline)
   16              0.000009   endtry
                            
                              " If a match is found setup match highlighting.
   16              0.000028   if m_lnum > 0 && m_lnum >= stoplinetop && m_lnum <= stoplinebottom
   16              0.000014     if !g:matchparen_disable_cursor_hl
   16              0.000102       call add(w:matchparen_ids, matchaddpos('MatchParen', [[c_lnum, c_col - before], [m_lnum, m_col]], 10))
                                else
                                  call add(w:matchparen_ids, matchaddpos('MatchParen', [[m_lnum, m_col]], 10))
   16              0.000006     endif
   16              0.000016     let w:paren_hl_on = 1
   16              0.000006   endif

FUNCTION  <SNR>16_Remove_Matches()
    Defined: /nix/store/99mraj58037wa3wwhv47iqafy922zqhi-neovim-unwrapped-0.11.2/share/nvim/runtime/plugin/matchparen.vim:203
Called 57 times
Total time:   0.000610
 Self time:   0.000610

count  total (s)   self (s)
   57              0.000171   if exists('w:paren_hl_on') && w:paren_hl_on
   32              0.000048     while !empty(w:matchparen_ids)
   16              0.000061       silent! call remove(w:matchparen_ids, 0)->matchdelete()
   32              0.000019     endwhile
   16              0.000022     let w:paren_hl_on = 0
   57              0.000020   endif

FUNCTIONS SORTED ON TOTAL TIME
count  total (s)   self (s)  function
   57   0.007728   0.007118  <SNR>16_Highlight_Matching_Pair()
   57   0.000610             <SNR>16_Remove_Matches()

FUNCTIONS SORTED ON SELF TIME
count  total (s)   self (s)  function
   57   0.007728   0.007118  <SNR>16_Highlight_Matching_Pair()
   57              0.000610  <SNR>16_Remove_Matches()

